#
# A fatal error has been detected by the Java Runtime Environment:
#
#  Internal Error (javaClasses.cpp:136), pid=9096, tid=10832
#  fatal error: Invalid layout of preloaded class
#
# JRE version:  (7.0_67-b01) (build )
# Java VM: Java HotSpot(TM) Client VM (24.65-b04 mixed mode windows-x86 )
# Failed to write core dump. Minidumps are not enabled by default on client versions of Windows
#
# If you would like to submit a bug report, please visit:
#   http://bugreport.sun.com/bugreport/crash.jsp
#

---------------  T H R E A D  ---------------

Current thread (0x0195c000):  JavaThread "Unknown thread" [_thread_in_vm, id=10832, stack(0x00770000,0x007c0000)]

Stack: [0x00770000,0x007c0000],  sp=0x007bf5e8,  free space=317k
Native frames: (J=compiled Java code, j=interpreted, Vv=VM code, C=native code)
V  [jvm.dll+0x190494]
V  [jvm.dll+0x18a116]
V  [jvm.dll+0x35d7a]
V  [jvm.dll+0x35e06]
V  [jvm.dll+0x4465d]
V  [jvm.dll+0x4490e]
V  [jvm.dll+0x92f8a]
V  [jvm.dll+0x9333b]
V  [jvm.dll+0x13fa31]
V  [jvm.dll+0x1626fc]
V  [jvm.dll+0xc9d6f]
C  [javaw.exe+0x13ce]
C  [javaw.exe+0x1e40]
C  [javaw.exe+0xa601]
C  [javaw.exe+0xa68b]
C  [KERNEL32.DLL+0x18e94]
C  [ntdll.dll+0x5e972]
C  [ntdll.dll+0x5e941]


---------------  P R O C E S S  ---------------

Java Threads: ( => current thread )

Other Threads:

=>0x0195c000 (exited) JavaThread "Unknown thread" [_thread_in_vm, id=10832, stack(0x00770000,0x007c0000)]

VM state:not at safepoint (not fully initialized)

VM Mutex/Monitor currently owned by a thread: None

GC Heap History (0 events):
No events

Deoptimization events (0 events):
No events

Internal exceptions (0 events):
No events

Events (10 events):
Event: 0.012 loading class 0x0197cc80 done
Event: 0.012 loading class 0x0197c710 done
Event: 0.012 loading class 0x0197c6f0
Event: 0.012 loading class 0x01983a60
Event: 0.012 loading class 0x01983a60 done
Event: 0.012 loading class 0x01983a90
Event: 0.012 loading class 0x01983a90 done
Event: 0.012 loading class 0x01983ac0
Event: 0.012 loading class 0x01983ac0 done
Event: 0.013 loading class 0x0197c6f0 done


Dynamic libraries:
0x00390000 - 0x003bf000 	C:\Program Files\Java\jdk1.7.0_67\bin\javaw.exe
0x77960000 - 0x77ae5000 	C:\WINDOWS\SYSTEM32\ntdll.dll
0x75750000 - 0x757e6000 	C:\WINDOWS\System32\KERNEL32.DLL
0x74eb0000 - 0x75057000 	C:\WINDOWS\System32\KERNELBASE.dll
0x77550000 - 0x775c7000 	C:\WINDOWS\System32\ADVAPI32.dll
0x757f0000 - 0x758ae000 	C:\WINDOWS\System32\msvcrt.dll
0x77250000 - 0x77291000 	C:\WINDOWS\System32\sechost.dll
0x776d0000 - 0x77793000 	C:\WINDOWS\System32\RPCRT4.dll
0x75500000 - 0x75649000 	C:\WINDOWS\System32\USER32.dll
0x75060000 - 0x75079000 	C:\WINDOWS\System32\win32u.dll
0x77430000 - 0x7745b000 	C:\WINDOWS\System32\GDI32.dll
0x74330000 - 0x7448a000 	C:\WINDOWS\System32\gdi32full.dll
0x73430000 - 0x7363a000 	C:\WINDOWS\WinSxS\x86_microsoft.windows.common-controls_6595b64144ccf1df_6.0.14393.0_none_74bc87d3d22d9abe\COMCTL32.dll
0x75110000 - 0x75321000 	C:\WINDOWS\System32\combase.dll
0x74490000 - 0x74570000 	C:\WINDOWS\System32\ucrtbase.dll
0x74e50000 - 0x74eaa000 	C:\WINDOWS\System32\bcryptPrimitives.dll
0x75cd0000 - 0x75cf6000 	C:\WINDOWS\System32\IMM32.DLL
0x51ee0000 - 0x51f9f000 	C:\Program Files\Java\jdk1.7.0_67\jre\bin\msvcr100.dll
0x6de40000 - 0x6e1c8000 	C:\Program Files\Java\jdk1.7.0_67\jre\bin\client\jvm.dll
0x74570000 - 0x74594000 	C:\WINDOWS\System32\WINMM.dll
0x74280000 - 0x742a3000 	C:\WINDOWS\System32\WINMMBASE.dll
0x748a0000 - 0x748d6000 	C:\WINDOWS\System32\cfgmgr32.dll
0x66880000 - 0x66888000 	C:\WINDOWS\SYSTEM32\WSOCK32.dll
0x75cc0000 - 0x75cc6000 	C:\WINDOWS\System32\PSAPI.DLL
0x778f0000 - 0x77953000 	C:\WINDOWS\System32\WS2_32.dll
0x713e0000 - 0x713ec000 	C:\Program Files\Java\jdk1.7.0_67\jre\bin\verify.dll
0x6cb50000 - 0x6cb70000 	C:\Program Files\Java\jdk1.7.0_67\jre\bin\java.dll
0x6b2e0000 - 0x6b2f3000 	C:\Program Files\Java\jdk1.7.0_67\jre\bin\zip.dll
0x66a10000 - 0x66b55000 	C:\WINDOWS\SYSTEM32\dbghelp.dll

VM Arguments:
jvm_args: -Dfile.encoding=GBK -Xbootclasspath/p:I:\dx\Android\Android4.3\sdk\platforms\android-18\android.jar 
java_command: com.example.peer.ExternalThread
Launcher Type: SUN_STANDARD

Environment Variables:
JAVA_HOME=C:\Program Files\Java\jdk1.8.0_101
CLASSPATH=.;C:\Program Files\Java\jdk1.8.0_101\lib;C:\Program Files\Java\jdk1.8.0_101\lib\dt.jar;C:\Program Files\Java\jdk1.8.0_101\lib\tools.jar;
PATH=C:/Program Files/Java/jre1.8.0_101/bin/client;C:/Program Files/Java/jre1.8.0_101/bin;C:/Program Files/Java/jre1.8.0_101/lib/i386;C:\ProgramData\Oracle\Java\javapath;C:\Program Files\Common Files\NetSarang;C:\WINDOWS\system32;C:\WINDOWS;C:\WINDOWS\System32\Wbem;C:\WINDOWS\System32\WindowsPowerShell\v1.0\;C:\Program Files\Intel\Services\IPT\;C:\Program Files\Java\jdk1.8.0_101\bin;C:\Program Files\Java\jdk1.8.0_101\jre\bin;I:\dx\apache-maven-3.3.9\bin;C:\Program Files\MySQL\MySQL Server 5.6\bin;I:\dx\tortoiseSVN\bin;I:\dx\Git\cmd;I:\dx\cygwin\bin;I:\dx\MongoDB\Server\3.2\bin\;I:\dx\Python\Python35-32;I:\dx\Android\adt-bundle-windows-x86-20131030\sdk\tools;I:\dx\sqlite;I:\dx\Python\Python35-32\Scripts\;I:\dx\Python\Python35-32\;d:\SSH Communications Security\SSH Secure Shell;C:\Users\DX\AppData\Local\Microsoft\WindowsApps;;I:\dx\Android\Android4.3\eclipse;
USERNAME=DX
OS=Windows_NT
PROCESSOR_IDENTIFIER=x86 Family 6 Model 42 Stepping 7, GenuineIntel



---------------  S Y S T E M  ---------------

OS: Windows 8.1 Build 9600 

CPU:total 4 (2 cores per cpu, 2 threads per core) family 6 model 42 stepping 7, cmov, cx8, fxsr, mmx, sse, sse2, sse3, ssse3, sse4.1, sse4.2, popcnt, avx, aes, ht, tsc, tscinvbit

Memory: 4k page, physical 2942164k(675016k free), swap 5956820k(2044008k free)

vm_info: Java HotSpot(TM) Client VM (24.65-b04) for windows-x86 JRE (1.7.0_67-b01), built on Jul 25 2014 10:20:53 by "java_re" with unknown MS VC++:1600

time: Wed Sep 28 10:24:52 2016
elapsed time: 0 seconds

